<?xml version="1.0" encoding="UTF-8"?>
<testsuite xmlns:xsi="http://www.w3.org/2001/XMLSchema-instance" xsi:noNamespaceSchemaLocation="https://maven.apache.org/surefire/maven-surefire-plugin/xsd/surefire-test-report.xsd" name="com.nagp.ebroker.services.impl.EBrokerServiceImplTest" time="2.089" tests="18" errors="0" skipped="0" failures="0">
  <properties>
[...]
</properties>
  <testcase name="shouldThorwExceptionIfUseDoesNotExists" classname="com.nagp.ebroker.services.impl.EBrokerServiceImplTest" time="2.078"/>
  <testcase name="shouldReturnUpdatedFunds" classname="com.nagp.ebroker.services.impl.EBrokerServiceImplTest" time="0.001"/>
  <testcase name="shouldBeAbleToBuyEquity" classname="com.nagp.ebroker.services.impl.EBrokerServiceImplTest" time="0"/>
  <testcase name="shouldThrowExceptionIfTimeIsNotValid" classname="com.nagp.ebroker.services.impl.EBrokerServiceImplTest" time="0"/>
  <testcase name="shouldThorwExceptionIfCustomerDoesNotExists" classname="com.nagp.ebroker.services.impl.EBrokerServiceImplTest" time="0"/>
  <testcase name="shouldSaveCustomerAndReturnCustomerID" classname="com.nagp.ebroker.services.impl.EBrokerServiceImplTest" time="0.001"/>
  <testcase name="shouldReturnFunds" classname="com.nagp.ebroker.services.impl.EBrokerServiceImplTest" time="0"/>
  <testcase name="shouldSaveEquityAndReturnEquityID" classname="com.nagp.ebroker.services.impl.EBrokerServiceImplTest" time="0.001"/>
  <testcase name="shouldThrowsExceptionIfCustomerDoesNotOwnTheEquity" classname="com.nagp.ebroker.services.impl.EBrokerServiceImplTest" time="0"/>
  <testcase name="shouldThrowExceptionWhileSavingEquity" classname="com.nagp.ebroker.services.impl.EBrokerServiceImplTest" time="0.001"/>
  <testcase name="shouldThrowsExceptionIfCustomerIdIsInvalid" classname="com.nagp.ebroker.services.impl.EBrokerServiceImplTest" time="0"/>
  <testcase name="shouldThrowExcetionIfWalletAmountIsLess" classname="com.nagp.ebroker.services.impl.EBrokerServiceImplTest" time="0"/>
  <testcase name="shouldThrowExceptionWhileSavingCustomer" classname="com.nagp.ebroker.services.impl.EBrokerServiceImplTest" time="0.001"/>
  <testcase name="shouldThrowExcetionIfEquityDoesNotExists" classname="com.nagp.ebroker.services.impl.EBrokerServiceImplTest" time="0"/>
  <testcase name="shouldThrowsExceptionIfCustomerDoesNotOwnTheRequiredUnitsOfEquity" classname="com.nagp.ebroker.services.impl.EBrokerServiceImplTest" time="0.001"/>
  <testcase name="shouldThrowExcetionIfCustomerDoesNotExists" classname="com.nagp.ebroker.services.impl.EBrokerServiceImplTest" time="0"/>
  <testcase name="shouldThrowsExceptionIfCustomerTriesToSellEquityAtWeekends" classname="com.nagp.ebroker.services.impl.EBrokerServiceImplTest" time="0.001"/>
  <testcase name="shouldBeAbleToSellEquityAndWalletAmountGetUpdatedAndQuantityOfEquityDecreased" classname="com.nagp.ebroker.services.impl.EBrokerServiceImplTest" time="0"/>
</testsuite>